[1, 2, 3]
process_draw ===> 7
RETURNING board
process_draw ===> 4
RETURNING board
process_draw ===> 9
RETURNING board
process_draw ===> 5
RETURNING board
process_draw ===> 11
RETURNING board
process_draw ===> 17
RETURNING board
process_draw ===> 23
RETURNING board
process_draw ===> 2
RETURNING board
process_draw ===> 0
RETURNING board
process_draw ===> 14
RETURNING board
process_draw ===> 21
RETURNING board
process_draw ===> 24
RETURNING board
Already WON
Already WON
Already WON
Already WON
Already WON
Already WON
Already WON
Already WON
Already WON
Already WON
Already WON
Already WON
Already WON
Already WON
Already WON
array_of_last_tables [3]
array last_draw  [3]
last_board = 3
last_draw = 3
last_win_ticket 10 total 3  
[[22 13 -1 -1 -1]
 [ 8 -1 -1 -1 -1]
 [-1 -1 -1 16 -1]
 [ 6 10  3 18 -1]
 [ 1 12 20 15 19]
 [ 3 15 -1 -1 22]
 [-1 18 13 -1 -1]
 [19  8 -1 25 -1]
 [20 -1 10 -1 -1]
 [-1 -1 16 12  6]
 [-1 -1 -1 -1 -1]
 [10 16 15 -1 19]
 [18  8 -1 26 20]
 [22 -1 13  6 -1]
 [-1 -1 12  3 -1]]
188
3
564
